<?xml version="1.0" encoding="UTF-8"?>
<testsuite name="com.example.g6clientproject.HardwareMockMVCTest" tests="2" skipped="0" failures="0" errors="0" timestamp="2024-04-26T00:47:55" hostname="WQM-AW" time="0.191">
  <properties/>
  <testcase name="testHome()" classname="com.example.g6clientproject.HardwareMockMVCTest" time="0.061"/>
  <testcase name="getSoftwareTest()" classname="com.example.g6clientproject.HardwareMockMVCTest" time="0.129"/>
  <system-out><![CDATA[2024-04-26 01:47:54.043  INFO 27116 --- [    Test worker] .b.t.c.SpringBootTestContextBootstrapper : Neither @ContextConfiguration nor @ContextHierarchy found for test class [com.example.g6clientproject.HardwareMockMVCTest], using SpringBootContextLoader
2024-04-26 01:47:54.044  INFO 27116 --- [    Test worker] o.s.t.c.support.AbstractContextLoader    : Could not detect default resource locations for test class [com.example.g6clientproject.HardwareMockMVCTest]: no resource found for suffixes {-context.xml, Context.groovy}.
2024-04-26 01:47:54.044  INFO 27116 --- [    Test worker] t.c.s.AnnotationConfigContextLoaderUtils : Could not detect default configuration classes for test class [com.example.g6clientproject.HardwareMockMVCTest]: HardwareMockMVCTest does not declare any static, non-private, non-final, nested classes annotated with @Configuration.
2024-04-26 01:47:54.050  INFO 27116 --- [    Test worker] .b.t.c.SpringBootTestContextBootstrapper : Found @SpringBootConfiguration com.example.g6clientproject.G6ClientProjectApplication for test class com.example.g6clientproject.HardwareMockMVCTest
2024-04-26 01:47:54.051  INFO 27116 --- [    Test worker] .b.t.c.SpringBootTestContextBootstrapper : Loaded default TestExecutionListener class names from location [META-INF/spring.factories]: [org.springframework.security.test.context.support.WithSecurityContextTestExecutionListener, org.springframework.security.test.context.support.ReactorContextTestExecutionListener, org.springframework.boot.test.autoconfigure.restdocs.RestDocsTestExecutionListener, org.springframework.boot.test.autoconfigure.web.client.MockRestServiceServerResetTestExecutionListener, org.springframework.boot.test.autoconfigure.web.servlet.MockMvcPrintOnlyOnFailureTestExecutionListener, org.springframework.boot.test.autoconfigure.web.servlet.WebDriverTestExecutionListener, org.springframework.boot.test.autoconfigure.webservices.client.MockWebServiceServerTestExecutionListener, org.springframework.boot.test.mock.mockito.MockitoTestExecutionListener, org.springframework.boot.test.mock.mockito.ResetMocksTestExecutionListener, org.springframework.test.context.web.ServletTestExecutionListener, org.springframework.test.context.support.DirtiesContextBeforeModesTestExecutionListener, org.springframework.test.context.event.ApplicationEventsTestExecutionListener, org.springframework.test.context.support.DependencyInjectionTestExecutionListener, org.springframework.test.context.support.DirtiesContextTestExecutionListener, org.springframework.test.context.transaction.TransactionalTestExecutionListener, org.springframework.test.context.jdbc.SqlScriptsTestExecutionListener, org.springframework.test.context.event.EventPublishingTestExecutionListener]
2024-04-26 01:47:54.052  INFO 27116 --- [    Test worker] .b.t.c.SpringBootTestContextBootstrapper : Using TestExecutionListeners: [org.springframework.test.context.web.ServletTestExecutionListener@72373e0b, org.springframework.test.context.support.DirtiesContextBeforeModesTestExecutionListener@78ffb0ca, org.springframework.test.context.event.ApplicationEventsTestExecutionListener@77f8dda2, org.springframework.boot.test.mock.mockito.MockitoTestExecutionListener@7b934a96, org.springframework.boot.test.autoconfigure.SpringBootDependencyInjectionTestExecutionListener@301fe489, org.springframework.test.context.support.DirtiesContextTestExecutionListener@35e37ba0, org.springframework.test.context.transaction.TransactionalTestExecutionListener@447b573, org.springframework.test.context.jdbc.SqlScriptsTestExecutionListener@65618897, org.springframework.security.test.context.support.WithSecurityContextTestExecutionListener@2a95031e, org.springframework.test.context.event.EventPublishingTestExecutionListener@4054397, org.springframework.security.test.context.support.ReactorContextTestExecutionListener@3dd09249, org.springframework.boot.test.autoconfigure.restdocs.RestDocsTestExecutionListener@541c9054, org.springframework.boot.test.autoconfigure.web.client.MockRestServiceServerResetTestExecutionListener@5613e43a, org.springframework.boot.test.autoconfigure.web.servlet.MockMvcPrintOnlyOnFailureTestExecutionListener@78a41c94, org.springframework.boot.test.autoconfigure.web.servlet.WebDriverTestExecutionListener@41df8b13, org.springframework.boot.test.autoconfigure.webservices.client.MockWebServiceServerTestExecutionListener@71f12d4c, org.springframework.boot.test.mock.mockito.ResetMocksTestExecutionListener@388a357c]

  .   ____          _            __ _ _
 /\\ / ___'_ __ _ _(_)_ __  __ _ \ \ \ \
( ( )\___ | '_ | '_| | '_ \/ _` | \ \ \ \
 \\/  ___)| |_)| | | | | || (_| |  ) ) ) )
  '  |____| .__|_| |_|_| |_\__, | / / / /
 =========|_|==============|___/=/_/_/_/
 :: Spring Boot ::                (v2.7.6)

2024-04-26 01:47:54.075  INFO 27116 --- [    Test worker] c.e.g6clientproject.HardwareMockMVCTest  : Starting HardwareMockMVCTest using Java 17.0.9 on WQM-AW with PID 27116 (started by jy_wq in C:\Users\jy_wq\IdeaProjects\clientproject)
2024-04-26 01:47:54.075  INFO 27116 --- [    Test worker] c.e.g6clientproject.HardwareMockMVCTest  : No active profile set, falling back to 1 default profile: "default"
2024-04-26 01:47:54.383  INFO 27116 --- [    Test worker] com.zaxxer.hikari.HikariDataSource       : HikariPool-2 - Starting...
2024-04-26 01:47:54.384  INFO 27116 --- [    Test worker] com.zaxxer.hikari.HikariDataSource       : HikariPool-2 - Start completed.
2024-04-26 01:47:54.593  INFO 27116 --- [    Test worker] o.s.s.web.DefaultSecurityFilterChain     : Will secure any request with [org.springframework.security.web.session.DisableEncodeUrlFilter@248e6496, org.springframework.security.web.context.request.async.WebAsyncManagerIntegrationFilter@1002e64a, org.springframework.security.web.context.SecurityContextPersistenceFilter@45dc01ca, org.springframework.security.web.header.HeaderWriterFilter@14200fed, org.springframework.security.web.authentication.logout.LogoutFilter@4f6a501c, org.springframework.security.web.authentication.UsernamePasswordAuthenticationFilter@7d5b1786, org.springframework.security.web.savedrequest.RequestCacheAwareFilter@1c25ed81, org.springframework.security.web.servletapi.SecurityContextHolderAwareRequestFilter@8eec68f, org.springframework.security.web.authentication.AnonymousAuthenticationFilter@4acd2e10, org.springframework.security.web.session.SessionManagementFilter@59d768de, org.springframework.security.web.access.ExceptionTranslationFilter@720574a4, org.springframework.security.web.access.intercept.FilterSecurityInterceptor@312d7705]
2024-04-26 01:47:54.830  INFO 27116 --- [    Test worker] o.s.b.t.m.w.SpringBootMockServletContext : Initializing Spring TestDispatcherServlet ''
2024-04-26 01:47:54.830  INFO 27116 --- [    Test worker] o.s.t.web.servlet.TestDispatcherServlet  : Initializing Servlet ''
2024-04-26 01:47:54.831  INFO 27116 --- [    Test worker] o.s.t.web.servlet.TestDispatcherServlet  : Completed initialization in 0 ms
2024-04-26 01:47:55.340  INFO 27116 --- [    Test worker] c.e.g6clientproject.HardwareMockMVCTest  : Started HardwareMockMVCTest in 1.282 seconds (JVM running for 7.926)

MockHttpServletRequest:
      HTTP Method = GET
      Request URI = /Home
       Parameters = {}
          Headers = []
             Body = null
    Session Attrs = {}

Handler:
             Type = com.example.g6clientproject.controller.GeneralController
           Method = com.example.g6clientproject.controller.GeneralController#login()

Async:
    Async started = false
     Async result = null

Resolved Exception:
             Type = null

ModelAndView:
        View name = Login
             View = null
            Model = null

FlashMap:
       Attributes = null

MockHttpServletResponse:
           Status = 200
    Error message = null
          Headers = [Content-Language:"en", Content-Type:"text/html;charset=UTF-8", X-Content-Type-Options:"nosniff", X-XSS-Protection:"1; mode=block", Cache-Control:"no-cache, no-store, max-age=0, must-revalidate", Pragma:"no-cache", Expires:"0", X-Frame-Options:"DENY"]
     Content type = text/html;charset=UTF-8
             Body = <!DOCTYPE html>
<html lang="en">

<head>
  <meta charset="UTF-8">
  <meta content="IE=edge" http-equiv="X-UA-Compatible"> <!-- latest version of browser -->
  <meta content="width=device-width, initial-scale=1.0" name="viewport">
  <link href="/css/LoginStyle.css" rel="stylesheet"/>
  <link href="https://fonts.googleapis.com/css2?family=Material+Symbols+Rounded:opsz,wght,FILL,GRAD@48,600,0,0"
        rel="stylesheet"/>

  <title>Login</title>
  <link href="/img/bipsync.png" rel="icon" type="image/x-icon">
</head>

<body>

<div class="login-card-container">
  <div class="login-card">
    <div class="login-card-logo">
      <img alt="logo" src="/img/logo.PNG" width="200">
    </div>
    <div class="login-card-header">
      <h1>Admin</h1> <!-- type of user logging in -->
    </div>
    <form id = "form" name = "myForm" class="login-card-form" action="/Home" method ="POST">
      <div class="form-item">
        <span class="form-item-icon material-symbols-rounded">mail</span>
        <input  autofocus id="emailForm" placeholder="Enter username"
                name="username" required type="text"> <!-- username input -->
      </div>
      <div class="form-item">
        <span class="form-item-icon material-symbols-rounded">lock</span>
        <input id="passwordForm" placeholder="Enter Password" required
               name="password" type="password"> <!-- password input -->
      </div>
      <div class="form-item-other">
        <div class="checkbox">
          <input checked id="rememberMeCheckbox" type="checkbox">
          <label for="rememberMeCheckbox">Remember me</label>
        </div>
        <a href="#">I forgot my password!</a>
      </div>
      <button id="SignIn" type="submit">Sign In</button>
    </form>
  </div>
</div>

</body>

</html>

    Forwarded URL = null
   Redirected URL = null
          Cookies = []

MockHttpServletRequest:
      HTTP Method = GET
      Request URI = /HardwareView
       Parameters = {}
          Headers = []
             Body = null
    Session Attrs = {SPRING_SECURITY_CONTEXT=SecurityContextImpl [Authentication=UsernamePasswordAuthenticationToken [Principal=org.springframework.security.core.userdetails.User [Username=admin, Password=[PROTECTED], Enabled=true, AccountNonExpired=true, credentialsNonExpired=true, AccountNonLocked=true, Granted Authorities=[ROLE_ADMIN]], Credentials=[PROTECTED], Authenticated=true, Details=null, Granted Authorities=[ROLE_ADMIN]]]}

Handler:
             Type = com.example.g6clientproject.controller.HardwareController
           Method = com.example.g6clientproject.controller.HardwareController#search()

Async:
    Async started = false
     Async result = null

Resolved Exception:
             Type = null

ModelAndView:
        View name = HardwareTable
             View = null
        Attribute = hardware
            value = [com.example.g6clientproject.DTO.HardwareDTO@73ac8829, com.example.g6clientproject.DTO.HardwareDTO@53ca55c]

FlashMap:
       Attributes = null

MockHttpServletResponse:
           Status = 200
    Error message = null
          Headers = [Content-Language:"en", Content-Type:"text/html;charset=UTF-8", X-Content-Type-Options:"nosniff", X-XSS-Protection:"1; mode=block", Cache-Control:"no-cache, no-store, max-age=0, must-revalidate", Pragma:"no-cache", Expires:"0", X-Frame-Options:"DENY"]
     Content type = text/html;charset=UTF-8
             Body = <!DOCTYPE html>
<html lang="en">

<head>
  <link rel="stylesheet" href="https://fonts.googleapis.com/css?family=Roboto|Varela+Round|Open+Sans">
  <link rel="stylesheet" href="https://fonts.googleapis.com/icon?family=Material+Icons">
  <link rel="stylesheet" href="https://maxcdn.bootstrapcdn.com/font-awesome/4.7.0/css/font-awesome.min.css">
  <link rel="stylesheet" href="https://maxcdn.bootstrapcdn.com/bootstrap/3.3.7/css/bootstrap.min.css">
  <meta charset="utf-8">
  <meta content="width=device-width, initial-scale=1.0" name="viewport">
  <script src="https://ajax.googleapis.com/ajax/libs/jquery/1.12.4/jquery.min.js"></script>
  <script src="https://maxcdn.bootstrapcdn.com/bootstrap/3.3.7/js/bootstrap.min.js"></script>

  <title>Bipsync Asset Register</title>
  <meta content="" name="description">
  <meta content="" name="keywords">
  <link href="/img/bipsync.png" rel="icon" type="image/x-icon">

  <!-- Favicons -->
  <link src="assets/img/favicon.png" rel="icon">
  <link src="assets/img/apple-touch-icon.png" rel="apple-touch-icon">

  <!-- Google Fonts -->
  <link href="https://fonts.gstatic.com" rel="preconnect">
  <link href="https://fonts.googleapis.com/css?family=Open+Sans:300,300i,400,400i,600,600i,700,700i|Nunito:300,300i,400,400i,600,600i,700,700i|Poppins:300,300i,400,400i,500,500i,600,600i,700,700i" rel="stylesheet">

  <!-- Vendor CSS Files -->
  <link href="assets/vendor/bootstrap/css/bootstrap.min.css" rel="stylesheet">
  <link href="assets/vendor/bootstrap-icons/bootstrap-icons.css" rel="stylesheet">
  <link href="assets/vendor/boxicons/css/boxicons.min.css" rel="stylesheet">
  <link href="assets/vendor/quill/quill.snow.css" rel="stylesheet">
  <link href="assets/vendor/quill/quill.bubble.css" rel="stylesheet">
  <link href="assets/vendor/remixicon/remixicon.css" rel="stylesheet">
  <link href="assets/vendor/simple-datatables/style.css" rel="stylesheet">

  <!-- Template Main CSS File -->
  <link href="assets/css/style.css" rel="stylesheet">

  <script type="text/javascript" src="js/hardware1.js"></script>

  <style>
    body {
      color: #404E67;
      background: #F5F7FA;
      font-family: 'Open Sans', sans-serif;
    }
    .table-wrapper {
      width: 700px;
      margin: 30px auto;
      background: #fff;
      padding: 20px;
      box-shadow: 0 1px 1px rgba(0,0,0,.05);
    }
    .table-title {
      padding-bottom: 10px;
      margin: 0 0 10px;
    }
    .table-title h2 {
      margin: 6px 0 0;
      font-size: 22px;
    }
    .table-title .add-new {
      float: right;
      height: 30px;
      font-weight: bold;
      font-size: 12px;
      text-shadow: none;
      min-width: 100px;
      border-radius: 50px;
      line-height: 13px;
    }
    .table-title .add-new i {
      margin-right: 4px;
    }
    table.table {
      table-layout: fixed;
    }
    table.table tr th, table.table tr td {
      border-color: #e9e9e9;
    }
    table.table th i {
      font-size: 13px;
      margin: 0 5px;
      cursor: pointer;
    }
    table.table th:last-child {
      width: 100px;
    }
    table.table td a {
      cursor: pointer;
      display: inline-block;
      margin: 0 5px;
      min-width: 24px;
    }
    table.table td a.add {
      color: #27C46B;
    }
    table.table td a.edit {
      color: #FFC107;
    }
    table.table td a.delete {
      color: #E34724;
    }
    table.table td i {
      font-size: 19px;
    }
    table.table td a.add i {
      font-size: 24px;
      margin-right: -1px;
      position: relative;
      top: 3px;
    }
    table.table .form-control {
      height: 32px;
      line-height: 32px;
      box-shadow: none;
      border-radius: 2px;
    }
    table.table .form-control.error {
      border-color: #f50000;
    }
    table.table td .add {
      display: none;
    }
  </style>


</head>

<body>

<!-- ======= Header ======= -->
<header id="header" class="header fixed-top d-flex align-items-center">

  <div class="d-flex align-items-center justify-content-between">
    <a href="Welcome" class="logo d-flex align-items-center">
      <img src="img/bipsync.png" alt="" style="width:40px;height:80px;">
      <span class="d-none d-lg-block">Bipsync</span>
    </a>
    <i class="bi bi-list toggle-sidebar-btn"></i>
  </div><!-- End Logo -->


  <nav class="header-nav ms-auto">
    <ul class="d-flex align-items-center">

      <li class="nav-item d-block d-lg-none">
        <a class="nav-link nav-icon search-bar-toggle " href="#">
          <i class="bi bi-search"></i>
        </a>
      </li><!-- End Search Icon-->

      <li class="nav-item dropdown">

        <a class="nav-link nav-icon" href="#" data-bs-toggle="dropdown">
          <i class="bi bi-bell"></i>
          <span class="badge bg-primary badge-number">2</span>
        </a><!-- End Notification Icon -->

        <ul class="dropdown-menu dropdown-menu-end dropdown-menu-arrow notifications">
          <li class="dropdown-header">
            You have 2 new notifications
            <a href="#"><span class="badge rounded-pill bg-primary p-2 ms-2">View all</span></a>
          </li>
          <li>
            <hr class="dropdown-divider">
          </li>

          <li class="notification-item">
            <i class="bi bi-info-circle text-primary"></i>
            <div>
              <h4>Employee1</h4>
              <p>Laptop Application</p>
              <p>30 min. ago</p>
            </div>
          </li>

          <li>
            <hr class="dropdown-divider">
          </li>

          <li class="notification-item">
            <i class="bi bi-info-circle text-primary"></i>
            <div>
              <h4>Employee1</h4>
              <p>License Application</p>
              <p>2 hr. ago</p>
            </div>
          </li>
        </ul><!-- End Notification Dropdown Items -->
      </li><!-- End Notification Nav -->


      </li><!-- End Messages Nav -->

      <li class="nav-item dropdown pe-3">

        <a class="nav-link nav-profile d-flex align-items-center pe-0" href="#" data-bs-toggle="dropdown">
          <img src="assets/img/profile-img.jpg" alt="Profile" class="rounded-circle">
          <span class="d-none d-md-block dropdown-toggle ps-2">K. Anderson</span>
        </a><!-- End Profile Iamge Icon -->

        <ul class="dropdown-menu dropdown-menu-end dropdown-menu-arrow profile">
          <li class="dropdown-header">
            <h6>Kevin Anderson</h6>
            <span>Web Designer</span>
          </li>
          <li>
            <hr class="dropdown-divider">
          </li>

          <li>
            <a class="dropdown-item d-flex align-items-center" href="Profile">
              <i class="bi bi-person"></i>
              <span>My Profile</span>
            </a>
          </li>
          <li>
            <hr class="dropdown-divider">
          </li>

          <li>
            <a class="dropdown-item d-flex align-items-center" href="#">
              <i class="bi bi-box-arrow-right"></i>
              <span>
                 <form action="logout" method = "POST">
                    <input type ="submit" value="Log out"/>
                 </form>
                </span>
            </a>
          </li>
        </ul><!-- End Profile Dropdown Items -->
      </li><!-- End Profile Nav -->
    </ul>
  </nav><!-- End Icons Navigation -->
</header><!-- End Header -->

<!-- ======= Sidebar ======= -->
<aside id="sidebar" class="sidebar">

  <ul class="sidebar-nav" id="sidebar-nav">

    <li class="nav-item">
      <a class="nav-link collapsed" href="SoftwareTable">
        <i class="bi bi-grid"></i>
        <span>Software</span>
      </a>
    </li><!-- End Tables Nav -->

    <li class="nav-item">
      <a class="nav-link collapsed" href="HardwareView">
        <i class="bi bi-grid"></i>
        <span>Hardware - Cardiff</span>
      </a>
    </li><!-- End Tables Nav -->

    <li class="nav-item">
      <a class="nav-link collapsed" href="UserInfo">
        <i class="bi bi-grid"></i>
        <span>User Information</span>
      </a>
    </li><!-- End User information Page Nav -->


    <li class="nav-heading">Pages</li>

    <li class="nav-item">
      <a class="nav-link collapsed" href="Profile">
        <i class="bi bi-person"></i>
        <span>Profile</span>
      </a>
    </li><!-- End Profile Page Nav -->
  </ul>
</aside><!-- End Sidebar-->

<a href="/SoftwarePaymentCreate">Create</a>
<input type="submit" value="Create"/>
</form>

<main id="main" class="main">

  <div class="pagetitle">
    <h1>Dashboard</h1>
    <nav>
      <ol class="breadcrumb">
        <li class="breadcrumb-item"><a href="Welcome">Home</a></li>
        <li class="breadcrumb-item active">Dashboard</li>
      </ol>
    </nav>
  </div><!-- End Page Title -->

  <section class="section dashboard">
    <div class="row">

      <!-- Recent Sales -->
      <div class="col-12">
        <div class="card recent-sales overflow-auto">

          <div class="filter">
            <a class="icon" href="#" data-bs-toggle="dropdown"><i class="bi bi-three-dots"></i></a>
            <ul class="dropdown-menu dropdown-menu-end dropdown-menu-arrow">
              <li class="dropdown-header text-start">
                <h6>Filter</h6>
              </li>

              <li><a class="dropdown-item" href="#">Today</a></li>
              <li><a class="dropdown-item" href="#">This Month</a></li>
              <li><a class="dropdown-item" href="#">This Year</a></li>
            </ul>
          </div>

          <div class="card-body">
            <h5 class="card-title">Recent </h5><span></span>

            <div class="container">
              <div class="table-wrapper">
                <div class="table-title">
                  <div class="row">
                    <div id="hardwareTitle" class="col-sm-8"><h2>Hardware <b>Details</b></h2></div>
                    <div class="col-sm-4">
                      <a type="button" class="btn btn-info add-new" href="/HardwareCreate"><i class="fa fa-plus"></i> Add New</a>
                    </div>
                  </div>
                </div>
                <table class="table table-bordered">
                  <thead>
                  <tr>
                    <td>ID</td>
                    <td>Name</td>
                    <td>Hardware</td>
                    <td>Availability</td>
                    <td>Check-In</td>
                    <td>Operation</td>
                  </tr>
                  </thead>
                  <tbody>
                  <tr>
                    <td id="id">1</td>
                    <td id="name">Tom Hardy</td>
                    <td id="hardware">Laptop</td>
                    <td id="availability">Yes</td>
                    <td id="checkin">30-12-2023</td>
                    <td>
                      <a class="add" title="Add" data-toggle="tooltip"><i class="material-icons">&#xE03B;</i></a>
                      <a class="edit" title="Edit" data-toggle="tooltip" onclick="editRow(this)"><i class="material-icons">&#xE254;</i></a>
                      <a class="delete" title="Delete" data-toggle="tooltip" onclick="deleteRow(&#39;1&#39;)"><i class="material-icons">&#xE872;</i></a>
                    </td>
                  </tr>
                  <tr>
                    <td id="id">2</td>
                    <td id="name">Sarah Thomas</td>
                    <td id="hardware">Screen Monitor</td>
                    <td id="availability">No</td>
                    <td id="checkin">01-04-2024</td>
                    <td>
                      <a class="add" title="Add" data-toggle="tooltip"><i class="material-icons">&#xE03B;</i></a>
                      <a class="edit" title="Edit" data-toggle="tooltip" onclick="editRow(this)"><i class="material-icons">&#xE254;</i></a>
                      <a class="delete" title="Delete" data-toggle="tooltip" onclick="deleteRow(&#39;2&#39;)"><i class="material-icons">&#xE872;</i></a>
                    </td>
                  </tr>
                  </tbody>
                </table>
              </div>
            </div>
          </div>
        </div>
      </div><!-- End Recent Sales -->



    </div><!-- End Right side columns -->

    </div>mln dd
  </section>

</main><!-- End #main -->


<a href="#" class="back-to-top d-flex align-items-center justify-content-center"><i class="bi bi-arrow-up-short"></i></a>

<!-- Vendor JS Files -->
<script src="assets/vendor/apexcharts/apexcharts.min.js"></script>
<script src="assets/vendor/bootstrap/js/bootstrap.bundle.min.js"></script>
<script src="assets/vendor/chart.js/chart.min.js"></script>
<script src="assets/vendor/echarts/echarts.min.js"></script>
<script src="assets/vendor/quill/quill.min.js"></script>
<script src="assets/vendor/simple-datatables/simple-datatables.js"></script>
<script src="assets/vendor/tinymce/tinymce.min.js"></script>
<script src="assets/vendor/php-email-form/validate.js"></script>
<script src="https://ajax.googleapis.com/ajax/libs/jquery/3.6.1/jquery.min.js"></script>

<!-- Template Main JS File -->
<script src="assets/js/main.js"></script>
<!--<script src="/js/SoftwareTable.js"></script>-->
<script src="js/hardwareView.js"></script>


</body>

</html>
    Forwarded URL = null
   Redirected URL = null
          Cookies = []
]]></system-out>
  <system-err><![CDATA[]]></system-err>
</testsuite>
