<?xml version="1.0" encoding="UTF-8"?>
<testsuite name="com.example.g6clientproject.JUnitTestDTO" tests="1" skipped="0" failures="0" errors="0" timestamp="2024-04-25T16:56:30" hostname="DSA10F60A897277" time="0.012">
  <properties/>
  <testcase name="SoftwareDTOTest()" classname="com.example.g6clientproject.JUnitTestDTO" time="0.012"/>
  <system-out><![CDATA[]]></system-out>
  <system-err><![CDATA[]]></system-err>
</testsuite>
