<?xml version="1.0" encoding="UTF-8"?>
<testsuite name="com.example.g6clientproject.JUnitTestDTO" tests="1" skipped="0" failures="0" errors="0" timestamp="2024-04-26T01:22:26" hostname="WQM-AW" time="0.007">
  <properties/>
  <testcase name="SoftwareDTOTest()" classname="com.example.g6clientproject.JUnitTestDTO" time="0.007"/>
  <system-out><![CDATA[]]></system-out>
  <system-err><![CDATA[]]></system-err>
</testsuite>
