<?xml version="1.0" encoding="UTF-8"?>
<testsuite name="com.example.g6clientproject.HTTPConnectionTest" tests="1" skipped="0" failures="0" errors="0" timestamp="2024-04-29T14:43:48" hostname="DSA10F60A897277" time="0.937">
  <properties/>
  <testcase name="returnadmin()" classname="com.example.g6clientproject.HTTPConnectionTest" time="0.937"/>
  <system-out><![CDATA[15:43:41.469 [Test worker] DEBUG org.springframework.test.context.BootstrapUtils - Instantiating CacheAwareContextLoaderDelegate from class [org.springframework.test.context.cache.DefaultCacheAwareContextLoaderDelegate]
15:43:41.506 [Test worker] DEBUG org.springframework.test.context.BootstrapUtils - Instantiating BootstrapContext using constructor [public org.springframework.test.context.support.DefaultBootstrapContext(java.lang.Class,org.springframework.test.context.CacheAwareContextLoaderDelegate)]
15:43:41.595 [Test worker] DEBUG org.springframework.test.context.BootstrapUtils - Instantiating TestContextBootstrapper for test class [com.example.g6clientproject.HTTPConnectionTest] from class [org.springframework.boot.test.context.SpringBootTestContextBootstrapper]
15:43:41.620 [Test worker] INFO org.springframework.boot.test.context.SpringBootTestContextBootstrapper - Neither @ContextConfiguration nor @ContextHierarchy found for test class [com.example.g6clientproject.HTTPConnectionTest], using SpringBootContextLoader
15:43:41.631 [Test worker] DEBUG org.springframework.test.context.support.AbstractContextLoader - Did not detect default resource location for test class [com.example.g6clientproject.HTTPConnectionTest]: class path resource [com/example/g6clientproject/HTTPConnectionTest-context.xml] does not exist
15:43:41.632 [Test worker] DEBUG org.springframework.test.context.support.AbstractContextLoader - Did not detect default resource location for test class [com.example.g6clientproject.HTTPConnectionTest]: class path resource [com/example/g6clientproject/HTTPConnectionTestContext.groovy] does not exist
15:43:41.632 [Test worker] INFO org.springframework.test.context.support.AbstractContextLoader - Could not detect default resource locations for test class [com.example.g6clientproject.HTTPConnectionTest]: no resource found for suffixes {-context.xml, Context.groovy}.
15:43:41.636 [Test worker] INFO org.springframework.test.context.support.AnnotationConfigContextLoaderUtils - Could not detect default configuration classes for test class [com.example.g6clientproject.HTTPConnectionTest]: HTTPConnectionTest does not declare any static, non-private, non-final, nested classes annotated with @Configuration.
15:43:41.745 [Test worker] DEBUG org.springframework.test.context.support.ActiveProfilesUtils - Could not find an 'annotation declaring class' for annotation type [org.springframework.test.context.ActiveProfiles] and class [com.example.g6clientproject.HTTPConnectionTest]
15:43:41.935 [Test worker] DEBUG org.springframework.context.annotation.ClassPathScanningCandidateComponentProvider - Identified candidate component class: file [C:\Users\c23087264\IdeaProjects\clientproject\build\classes\java\main\com\example\g6clientproject\G6ClientProjectApplication.class]
15:43:41.939 [Test worker] INFO org.springframework.boot.test.context.SpringBootTestContextBootstrapper - Found @SpringBootConfiguration com.example.g6clientproject.G6ClientProjectApplication for test class com.example.g6clientproject.HTTPConnectionTest
15:43:42.168 [Test worker] DEBUG org.springframework.boot.test.context.SpringBootTestContextBootstrapper - @TestExecutionListeners is not present for class [com.example.g6clientproject.HTTPConnectionTest]: using defaults.
15:43:42.170 [Test worker] INFO org.springframework.boot.test.context.SpringBootTestContextBootstrapper - Loaded default TestExecutionListener class names from location [META-INF/spring.factories]: [org.springframework.security.test.context.support.WithSecurityContextTestExecutionListener, org.springframework.security.test.context.support.ReactorContextTestExecutionListener, org.springframework.boot.test.autoconfigure.restdocs.RestDocsTestExecutionListener, org.springframework.boot.test.autoconfigure.web.client.MockRestServiceServerResetTestExecutionListener, org.springframework.boot.test.autoconfigure.web.servlet.MockMvcPrintOnlyOnFailureTestExecutionListener, org.springframework.boot.test.autoconfigure.web.servlet.WebDriverTestExecutionListener, org.springframework.boot.test.autoconfigure.webservices.client.MockWebServiceServerTestExecutionListener, org.springframework.boot.test.mock.mockito.MockitoTestExecutionListener, org.springframework.boot.test.mock.mockito.ResetMocksTestExecutionListener, org.springframework.test.context.web.ServletTestExecutionListener, org.springframework.test.context.support.DirtiesContextBeforeModesTestExecutionListener, org.springframework.test.context.event.ApplicationEventsTestExecutionListener, org.springframework.test.context.support.DependencyInjectionTestExecutionListener, org.springframework.test.context.support.DirtiesContextTestExecutionListener, org.springframework.test.context.transaction.TransactionalTestExecutionListener, org.springframework.test.context.jdbc.SqlScriptsTestExecutionListener, org.springframework.test.context.event.EventPublishingTestExecutionListener]
15:43:42.193 [Test worker] INFO org.springframework.boot.test.context.SpringBootTestContextBootstrapper - Using TestExecutionListeners: [org.springframework.test.context.web.ServletTestExecutionListener@141dfcf9, org.springframework.test.context.support.DirtiesContextBeforeModesTestExecutionListener@a7bbdbc, org.springframework.test.context.event.ApplicationEventsTestExecutionListener@63eea8c4, org.springframework.boot.test.mock.mockito.MockitoTestExecutionListener@19924f15, org.springframework.boot.test.autoconfigure.SpringBootDependencyInjectionTestExecutionListener@621392ea, org.springframework.test.context.support.DirtiesContextTestExecutionListener@35524549, org.springframework.test.context.transaction.TransactionalTestExecutionListener@23ec63af, org.springframework.test.context.jdbc.SqlScriptsTestExecutionListener@280d6a20, org.springframework.security.test.context.support.WithSecurityContextTestExecutionListener@56f72909, org.springframework.test.context.event.EventPublishingTestExecutionListener@71285693, org.springframework.security.test.context.support.ReactorContextTestExecutionListener@3199a202, org.springframework.boot.test.autoconfigure.restdocs.RestDocsTestExecutionListener@7286827b, org.springframework.boot.test.autoconfigure.web.client.MockRestServiceServerResetTestExecutionListener@1dd64243, org.springframework.boot.test.autoconfigure.web.servlet.MockMvcPrintOnlyOnFailureTestExecutionListener@2ef913a4, org.springframework.boot.test.autoconfigure.web.servlet.WebDriverTestExecutionListener@520c3dcb, org.springframework.boot.test.autoconfigure.webservices.client.MockWebServiceServerTestExecutionListener@145fe8ab, org.springframework.boot.test.mock.mockito.ResetMocksTestExecutionListener@3b347439]
15:43:42.198 [Test worker] DEBUG org.springframework.test.context.support.AbstractDirtiesContextTestExecutionListener - Before test class: context [DefaultTestContext@4449b273 testClass = HTTPConnectionTest, testInstance = [null], testMethod = [null], testException = [null], mergedContextConfiguration = [WebMergedContextConfiguration@1fa18f87 testClass = HTTPConnectionTest, locations = '{}', classes = '{class com.example.g6clientproject.G6ClientProjectApplication}', contextInitializerClasses = '[]', activeProfiles = '{}', propertySourceLocations = '{}', propertySourceProperties = '{org.springframework.boot.test.context.SpringBootTestContextBootstrapper=true, server.port=0}', contextCustomizers = set[org.springframework.boot.test.autoconfigure.actuate.metrics.MetricsExportContextCustomizerFactory$DisableMetricExportContextCustomizer@2c16677c, org.springframework.boot.test.autoconfigure.properties.PropertyMappingContextCustomizer@0, org.springframework.boot.test.autoconfigure.web.servlet.WebDriverContextCustomizerFactory$Customizer@41ece227, org.springframework.boot.test.context.filter.ExcludeFilterContextCustomizer@259195fe, org.springframework.boot.test.json.DuplicateJsonObjectContextCustomizerFactory$DuplicateJsonObjectContextCustomizer@754de353, org.springframework.boot.test.mock.mockito.MockitoContextCustomizer@0, org.springframework.boot.test.web.client.TestRestTemplateContextCustomizer@31c7c281, org.springframework.boot.test.context.SpringBootTestArgs@1, org.springframework.boot.test.context.SpringBootTestWebEnvironment@6e33c391], resourceBasePath = 'src/main/webapp', contextLoader = 'org.springframework.boot.test.context.SpringBootContextLoader', parent = [null]], attributes = map['org.springframework.test.context.web.ServletTestExecutionListener.activateListener' -> false]], class annotated with @DirtiesContext [false] with mode [null].
15:43:42.207 [Test worker] DEBUG org.springframework.test.context.support.DependencyInjectionTestExecutionListener - Performing dependency injection for test context [[DefaultTestContext@4449b273 testClass = HTTPConnectionTest, testInstance = com.example.g6clientproject.HTTPConnectionTest@2fea9a7b, testMethod = [null], testException = [null], mergedContextConfiguration = [WebMergedContextConfiguration@1fa18f87 testClass = HTTPConnectionTest, locations = '{}', classes = '{class com.example.g6clientproject.G6ClientProjectApplication}', contextInitializerClasses = '[]', activeProfiles = '{}', propertySourceLocations = '{}', propertySourceProperties = '{org.springframework.boot.test.context.SpringBootTestContextBootstrapper=true, server.port=0}', contextCustomizers = set[org.springframework.boot.test.autoconfigure.actuate.metrics.MetricsExportContextCustomizerFactory$DisableMetricExportContextCustomizer@2c16677c, org.springframework.boot.test.autoconfigure.properties.PropertyMappingContextCustomizer@0, org.springframework.boot.test.autoconfigure.web.servlet.WebDriverContextCustomizerFactory$Customizer@41ece227, org.springframework.boot.test.context.filter.ExcludeFilterContextCustomizer@259195fe, org.springframework.boot.test.json.DuplicateJsonObjectContextCustomizerFactory$DuplicateJsonObjectContextCustomizer@754de353, org.springframework.boot.test.mock.mockito.MockitoContextCustomizer@0, org.springframework.boot.test.web.client.TestRestTemplateContextCustomizer@31c7c281, org.springframework.boot.test.context.SpringBootTestArgs@1, org.springframework.boot.test.context.SpringBootTestWebEnvironment@6e33c391], resourceBasePath = 'src/main/webapp', contextLoader = 'org.springframework.boot.test.context.SpringBootContextLoader', parent = [null]], attributes = map['org.springframework.test.context.web.ServletTestExecutionListener.activateListener' -> false, 'org.springframework.test.context.event.ApplicationEventsTestExecutionListener.recordApplicationEvents' -> false]]].

  .   ____          _            __ _ _
 /\\ / ___'_ __ _ _(_)_ __  __ _ \ \ \ \
( ( )\___ | '_ | '_| | '_ \/ _` | \ \ \ \
 \\/  ___)| |_)| | | | | || (_| |  ) ) ) )
  '  |____| .__|_| |_|_| |_\__, | / / / /
 =========|_|==============|___/=/_/_/_/
 :: Spring Boot ::                (v2.7.6)

2024-04-29 15:43:42.763  INFO 15560 --- [    Test worker] c.e.g6clientproject.HTTPConnectionTest   : Starting HTTPConnectionTest using Java 17.0.6 on DSA10F60A897277 with PID 15560 (started by c23087264 in C:\Users\c23087264\IdeaProjects\clientproject)
2024-04-29 15:43:42.765  INFO 15560 --- [    Test worker] c.e.g6clientproject.HTTPConnectionTest   : No active profile set, falling back to 1 default profile: "default"
2024-04-29 15:43:44.887  INFO 15560 --- [    Test worker] o.s.b.w.embedded.tomcat.TomcatWebServer  : Tomcat initialized with port(s): 0 (http)
2024-04-29 15:43:44.914  INFO 15560 --- [    Test worker] o.apache.catalina.core.StandardService   : Starting service [Tomcat]
2024-04-29 15:43:44.914  INFO 15560 --- [    Test worker] org.apache.catalina.core.StandardEngine  : Starting Servlet engine: [Apache Tomcat/9.0.69]
2024-04-29 15:43:45.265  INFO 15560 --- [    Test worker] o.a.c.c.C.[Tomcat].[localhost].[/]       : Initializing Spring embedded WebApplicationContext
2024-04-29 15:43:45.266  INFO 15560 --- [    Test worker] w.s.c.ServletWebServerApplicationContext : Root WebApplicationContext: initialization completed in 2464 ms
2024-04-29 15:43:45.738  INFO 15560 --- [    Test worker] com.zaxxer.hikari.HikariDataSource       : HikariPool-1 - Starting...
2024-04-29 15:43:46.313  INFO 15560 --- [    Test worker] com.zaxxer.hikari.HikariDataSource       : HikariPool-1 - Start completed.
2024-04-29 15:43:47.320  INFO 15560 --- [    Test worker] o.s.s.web.DefaultSecurityFilterChain     : Will secure any request with [org.springframework.security.web.session.DisableEncodeUrlFilter@1370b4df, org.springframework.security.web.context.request.async.WebAsyncManagerIntegrationFilter@13365eb9, org.springframework.security.web.context.SecurityContextPersistenceFilter@78a7114f, org.springframework.security.web.header.HeaderWriterFilter@257c7d2d, org.springframework.security.web.authentication.logout.LogoutFilter@5b5d7843, org.springframework.security.web.authentication.UsernamePasswordAuthenticationFilter@68d27530, org.springframework.security.web.savedrequest.RequestCacheAwareFilter@21f34cf2, org.springframework.security.web.servletapi.SecurityContextHolderAwareRequestFilter@39640f7b, org.springframework.security.web.authentication.AnonymousAuthenticationFilter@483e2a7, org.springframework.security.web.session.SessionManagementFilter@2cc9c245, org.springframework.security.web.access.ExceptionTranslationFilter@eeb48a1, org.springframework.security.web.access.intercept.FilterSecurityInterceptor@6cb62e90]
2024-04-29 15:43:48.368  INFO 15560 --- [    Test worker] o.s.b.w.embedded.tomcat.TomcatWebServer  : Tomcat started on port(s): 63474 (http) with context path ''
2024-04-29 15:43:48.386  INFO 15560 --- [    Test worker] c.e.g6clientproject.HTTPConnectionTest   : Started HTTPConnectionTest in 6.131 seconds (JVM running for 11.242)
2024-04-29 15:43:48.711  INFO 15560 --- [o-auto-1-exec-1] o.a.c.c.C.[Tomcat].[localhost].[/]       : Initializing Spring DispatcherServlet 'dispatcherServlet'
2024-04-29 15:43:48.712  INFO 15560 --- [o-auto-1-exec-1] o.s.web.servlet.DispatcherServlet        : Initializing Servlet 'dispatcherServlet'
2024-04-29 15:43:48.713  INFO 15560 --- [o-auto-1-exec-1] o.s.web.servlet.DispatcherServlet        : Completed initialization in 1 ms
]]></system-out>
  <system-err><![CDATA[]]></system-err>
</testsuite>
