<?xml version="1.0" encoding="UTF-8"?>
<testsuite name="com.example.g6clientproject.SoftwareMockMVCTest" tests="2" skipped="0" failures="0" errors="0" timestamp="2024-04-26T00:47:55" hostname="WQM-AW" time="0.048">
  <properties/>
  <testcase name="testHome()" classname="com.example.g6clientproject.SoftwareMockMVCTest" time="0.009"/>
  <testcase name="getSoftwareTest()" classname="com.example.g6clientproject.SoftwareMockMVCTest" time="0.039"/>
  <system-out><![CDATA[2024-04-26 01:47:55.549  INFO 27116 --- [    Test worker] .b.t.c.SpringBootTestContextBootstrapper : Neither @ContextConfiguration nor @ContextHierarchy found for test class [com.example.g6clientproject.SoftwareMockMVCTest], using SpringBootContextLoader
2024-04-26 01:47:55.550  INFO 27116 --- [    Test worker] o.s.t.c.support.AbstractContextLoader    : Could not detect default resource locations for test class [com.example.g6clientproject.SoftwareMockMVCTest]: no resource found for suffixes {-context.xml, Context.groovy}.
2024-04-26 01:47:55.550  INFO 27116 --- [    Test worker] t.c.s.AnnotationConfigContextLoaderUtils : Could not detect default configuration classes for test class [com.example.g6clientproject.SoftwareMockMVCTest]: SoftwareMockMVCTest does not declare any static, non-private, non-final, nested classes annotated with @Configuration.
2024-04-26 01:47:55.554  INFO 27116 --- [    Test worker] .b.t.c.SpringBootTestContextBootstrapper : Found @SpringBootConfiguration com.example.g6clientproject.G6ClientProjectApplication for test class com.example.g6clientproject.SoftwareMockMVCTest
2024-04-26 01:47:55.555  INFO 27116 --- [    Test worker] .b.t.c.SpringBootTestContextBootstrapper : Loaded default TestExecutionListener class names from location [META-INF/spring.factories]: [org.springframework.security.test.context.support.WithSecurityContextTestExecutionListener, org.springframework.security.test.context.support.ReactorContextTestExecutionListener, org.springframework.boot.test.autoconfigure.restdocs.RestDocsTestExecutionListener, org.springframework.boot.test.autoconfigure.web.client.MockRestServiceServerResetTestExecutionListener, org.springframework.boot.test.autoconfigure.web.servlet.MockMvcPrintOnlyOnFailureTestExecutionListener, org.springframework.boot.test.autoconfigure.web.servlet.WebDriverTestExecutionListener, org.springframework.boot.test.autoconfigure.webservices.client.MockWebServiceServerTestExecutionListener, org.springframework.boot.test.mock.mockito.MockitoTestExecutionListener, org.springframework.boot.test.mock.mockito.ResetMocksTestExecutionListener, org.springframework.test.context.web.ServletTestExecutionListener, org.springframework.test.context.support.DirtiesContextBeforeModesTestExecutionListener, org.springframework.test.context.event.ApplicationEventsTestExecutionListener, org.springframework.test.context.support.DependencyInjectionTestExecutionListener, org.springframework.test.context.support.DirtiesContextTestExecutionListener, org.springframework.test.context.transaction.TransactionalTestExecutionListener, org.springframework.test.context.jdbc.SqlScriptsTestExecutionListener, org.springframework.test.context.event.EventPublishingTestExecutionListener]
2024-04-26 01:47:55.556  INFO 27116 --- [    Test worker] .b.t.c.SpringBootTestContextBootstrapper : Using TestExecutionListeners: [org.springframework.test.context.web.ServletTestExecutionListener@ee2702a, org.springframework.test.context.support.DirtiesContextBeforeModesTestExecutionListener@f9d0ae3, org.springframework.test.context.event.ApplicationEventsTestExecutionListener@75b8328d, org.springframework.boot.test.mock.mockito.MockitoTestExecutionListener@3758f3a3, org.springframework.boot.test.autoconfigure.SpringBootDependencyInjectionTestExecutionListener@2aa6a642, org.springframework.test.context.support.DirtiesContextTestExecutionListener@4d0b7be7, org.springframework.test.context.transaction.TransactionalTestExecutionListener@79130491, org.springframework.test.context.jdbc.SqlScriptsTestExecutionListener@9a625fb, org.springframework.security.test.context.support.WithSecurityContextTestExecutionListener@162d063b, org.springframework.test.context.event.EventPublishingTestExecutionListener@ef935a, org.springframework.security.test.context.support.ReactorContextTestExecutionListener@6139285a, org.springframework.boot.test.autoconfigure.restdocs.RestDocsTestExecutionListener@5988407b, org.springframework.boot.test.autoconfigure.web.client.MockRestServiceServerResetTestExecutionListener@27ea99af, org.springframework.boot.test.autoconfigure.web.servlet.MockMvcPrintOnlyOnFailureTestExecutionListener@5be3bb4b, org.springframework.boot.test.autoconfigure.web.servlet.WebDriverTestExecutionListener@73b02395, org.springframework.boot.test.autoconfigure.webservices.client.MockWebServiceServerTestExecutionListener@68a02e00, org.springframework.boot.test.mock.mockito.ResetMocksTestExecutionListener@1b74e55a]

MockHttpServletRequest:
      HTTP Method = GET
      Request URI = /Home
       Parameters = {}
          Headers = []
             Body = null
    Session Attrs = {}

Handler:
             Type = com.example.g6clientproject.controller.GeneralController
           Method = com.example.g6clientproject.controller.GeneralController#login()

Async:
    Async started = false
     Async result = null

Resolved Exception:
             Type = null

ModelAndView:
        View name = Login
             View = null
            Model = null

FlashMap:
       Attributes = null

MockHttpServletResponse:
           Status = 200
    Error message = null
          Headers = [Content-Language:"en", Content-Type:"text/html;charset=UTF-8", X-Content-Type-Options:"nosniff", X-XSS-Protection:"1; mode=block", Cache-Control:"no-cache, no-store, max-age=0, must-revalidate", Pragma:"no-cache", Expires:"0", X-Frame-Options:"DENY"]
     Content type = text/html;charset=UTF-8
             Body = <!DOCTYPE html>
<html lang="en">

<head>
  <meta charset="UTF-8">
  <meta content="IE=edge" http-equiv="X-UA-Compatible"> <!-- latest version of browser -->
  <meta content="width=device-width, initial-scale=1.0" name="viewport">
  <link href="/css/LoginStyle.css" rel="stylesheet"/>
  <link href="https://fonts.googleapis.com/css2?family=Material+Symbols+Rounded:opsz,wght,FILL,GRAD@48,600,0,0"
        rel="stylesheet"/>

  <title>Login</title>
  <link href="/img/bipsync.png" rel="icon" type="image/x-icon">
</head>

<body>

<div class="login-card-container">
  <div class="login-card">
    <div class="login-card-logo">
      <img alt="logo" src="/img/logo.PNG" width="200">
    </div>
    <div class="login-card-header">
      <h1>Admin</h1> <!-- type of user logging in -->
    </div>
    <form id = "form" name = "myForm" class="login-card-form" action="/Home" method ="POST">
      <div class="form-item">
        <span class="form-item-icon material-symbols-rounded">mail</span>
        <input  autofocus id="emailForm" placeholder="Enter username"
                name="username" required type="text"> <!-- username input -->
      </div>
      <div class="form-item">
        <span class="form-item-icon material-symbols-rounded">lock</span>
        <input id="passwordForm" placeholder="Enter Password" required
               name="password" type="password"> <!-- password input -->
      </div>
      <div class="form-item-other">
        <div class="checkbox">
          <input checked id="rememberMeCheckbox" type="checkbox">
          <label for="rememberMeCheckbox">Remember me</label>
        </div>
        <a href="#">I forgot my password!</a>
      </div>
      <button id="SignIn" type="submit">Sign In</button>
    </form>
  </div>
</div>

</body>

</html>

    Forwarded URL = null
   Redirected URL = null
          Cookies = []
[com.example.g6clientproject.DTO.SoftwareDTO@74266c5b, com.example.g6clientproject.DTO.SoftwareDTO@1dbef693, com.example.g6clientproject.DTO.SoftwareDTO@6e9dc059, com.example.g6clientproject.DTO.SoftwareDTO@7a0d6b4e, com.example.g6clientproject.DTO.SoftwareDTO@3d8e94e0]

MockHttpServletRequest:
      HTTP Method = GET
      Request URI = /SoftwareTable
       Parameters = {}
          Headers = []
             Body = null
    Session Attrs = {SPRING_SECURITY_CONTEXT=SecurityContextImpl [Authentication=UsernamePasswordAuthenticationToken [Principal=org.springframework.security.core.userdetails.User [Username=admin, Password=[PROTECTED], Enabled=true, AccountNonExpired=true, credentialsNonExpired=true, AccountNonLocked=true, Granted Authorities=[ROLE_ADMIN]], Credentials=[PROTECTED], Authenticated=true, Details=null, Granted Authorities=[ROLE_ADMIN]]]}

Handler:
             Type = com.example.g6clientproject.controller.SoftwareController
           Method = com.example.g6clientproject.controller.SoftwareController#searchAll()

Async:
    Async started = false
     Async result = null

Resolved Exception:
             Type = null

ModelAndView:
        View name = SoftwareTable
             View = null
        Attribute = softwares
            value = [com.example.g6clientproject.DTO.SoftwareDTO@5d84a9f8, com.example.g6clientproject.DTO.SoftwareDTO@1176578f, com.example.g6clientproject.DTO.SoftwareDTO@67e9509, com.example.g6clientproject.DTO.SoftwareDTO@6d2316ec, com.example.g6clientproject.DTO.SoftwareDTO@1590a9d9]

FlashMap:
       Attributes = null

MockHttpServletResponse:
           Status = 200
    Error message = null
          Headers = [Content-Language:"en", Content-Type:"text/html;charset=UTF-8", X-Content-Type-Options:"nosniff", X-XSS-Protection:"1; mode=block", Cache-Control:"no-cache, no-store, max-age=0, must-revalidate", Pragma:"no-cache", Expires:"0", X-Frame-Options:"DENY"]
     Content type = text/html;charset=UTF-8
             Body = <!DOCTYPE html>
<html lang="en">

<head>
    <meta charset="utf-8">
    <meta content="width=device-width, initial-scale=1.0" name="viewport">

    <!-- CSS for Software Table - LP -->
    <link href="/css/SoftwareTableStyling.css" rel="stylesheet"/>


    <link href="https://fonts.googleapis.com/css?family=Roboto|Varela+Round|Open+Sans" rel="stylesheet">
    <link href="https://stackpath.bootstrapcdn.com/bootstrap/4.5.0/css/bootstrap.min.css" rel="stylesheet">
    <link href="https://fonts.googleapis.com/icon?family=Material+Icons" rel="stylesheet">
    <link href="https://maxcdn.bootstrapcdn.com/font-awesome/4.7.0/css/font-awesome.min.css" rel="stylesheet">
    <script src="https://code.jquery.com/jquery-3.5.1.min.js"></script>
    <script src="https://cdn.jsdelivr.net/npm/popper.js@1.16.0/dist/umd/popper.min.js"></script>
    <script src="https://stackpath.bootstrapcdn.com/bootstrap/4.5.0/js/bootstrap.min.js"></script>

    <title>Bipsync Asset Register</title>
    <link href="/img/bipsync.png" rel="icon" type="image/x-icon">
    <meta content="" name="description">
    <meta content="" name="keywords">

    <!-- Favicons -->
    <link src="assets/img/favicon.png" rel="icon">
    <link src="assets/img/apple-touch-icon.png" rel="apple-touch-icon">

    <!-- Google Fonts -->
    <link href="https://fonts.gstatic.com" rel="preconnect">
    <link rel="stylesheet"
          href="https://fonts.googleapis.com/css?family=Open+Sans:300,300i,400,400i,600,600i,700,700i|Nunito:300,300i,400,400i,600,600i,700,700i|Poppins:300,300i,400,400i,500,500i,600,600i,700,700i">

    <!-- Vendor CSS Files -->
    <link href="assets/vendor/bootstrap/css/bootstrap.min.css" rel="stylesheet">
    <link href="assets/vendor/bootstrap-icons/bootstrap-icons.css" rel="stylesheet">
    <link href="assets/vendor/boxicons/css/boxicons.min.css" rel="stylesheet">
    <link href="assets/vendor/quill/quill.snow.css" rel="stylesheet">
    <link href="assets/vendor/quill/quill.bubble.css" rel="stylesheet">
    <link href="assets/vendor/remixicon/remixicon.css" rel="stylesheet">
    <link href="assets/vendor/simple-datatables/style.css" rel="stylesheet">

    <!-- Template Main CSS File -->
    <link href="assets/css/style.css" rel="stylesheet">

    <script type="text/javascript" src="js/hardware1.js"></script>



</head>

<body>

<!-- ======= Header ======= -->
<header id="header" class="header fixed-top d-flex align-items-center">

    <div class="d-flex align-items-center justify-content-between">
        <a href="Welcome" class="logo d-flex align-items-center">
            <img src="img/bipsync.png" alt="" style="width:40px;height:80px;">
            <span class="d-none d-lg-block">Bipsync</span>
        </a>
        <i class="bi bi-list toggle-sidebar-btn"></i>
    </div><!-- End Logo -->


    <nav class="header-nav ms-auto">
        <ul class="d-flex align-items-center">

            <li class="nav-item d-block d-lg-none">
                <a class="nav-link nav-icon search-bar-toggle " href="#">
                    <i class="bi bi-search"></i>
                </a>
            </li><!-- End Search Icon-->

            <li class="nav-item dropdown">
                <a class="nav-link nav-icon" href="#" data-bs-toggle="dropdown">
                    <i class="bi bi-bell"></i>
                    <span class="badge bg-primary badge-number">2</span>
                </a><!-- End Notification Icon -->

                <ul class="dropdown-menu dropdown-menu-end dropdown-menu-arrow notifications">
                    <li class="dropdown-header">
                        You have 2 new notifications
                        <a href="#"><span class="badge rounded-pill bg-primary p-2 ms-2">View all</span></a>
                    </li>
                    <li>
                        <hr class="dropdown-divider">
                    </li>

                    <li class="notification-item">
                        <i class="bi bi-info-circle text-primary"></i>
                        <div>
                            <h4>Employee1</h4>
                            <p>Laptop Application</p>
                            <p>30 min. ago</p>
                        </div>
                    </li>

                    <li>
                        <hr class="dropdown-divider">
                    </li>

                    <li class="notification-item">
                        <i class="bi bi-info-circle text-primary"></i>
                        <div>
                            <h4>Employee1</h4>
                            <p>License Application</p>
                            <p>2 hr. ago</p>
                        </div>
                    </li>
                </ul><!-- End Notification Dropdown Items -->
            </li><!-- End Notification Nav -->


            </li><!-- End Messages Nav -->

            <li class="nav-item dropdown pe-3">

                <a class="nav-link nav-profile d-flex align-items-center pe-0" href="#" data-bs-toggle="dropdown">
                    <img src="assets/img/profile-img.jpg" alt="Profile" class="rounded-circle">
                    <span class="d-none d-md-block dropdown-toggle ps-2">K. Anderson</span>
                </a><!-- End Profile Iamge Icon -->

                <ul class="dropdown-menu dropdown-menu-end dropdown-menu-arrow profile">
                    <li class="dropdown-header">
                        <h6>Kevin Anderson</h6>
                        <span>Web Designer</span>
                    </li>
                    <li>
                        <hr class="dropdown-divider">
                    </li>

                    <li>
                        <a class="dropdown-item d-flex align-items-center" href="Profile">
                            <i class="bi bi-person"></i>
                            <span>My Profile</span>
                        </a>
                    </li>
                    <li>
                        <hr class="dropdown-divider">
                    </li>

                    <li>
                        <a class="dropdown-item d-flex align-items-center" href="#">
                            <i class="bi bi-box-arrow-right"></i>
                            <span>
                 <form action="logout" method = "POST">
                    <input type ="submit" value="Log out"/>
                 </form>
                </span>
                        </a>
                    </li>

                </ul><!-- End Profile Dropdown Items -->

            </li><!-- End Profile Nav -->

        </ul>
    </nav><!-- End Icons Navigation -->

</header><!-- End Header -->

<!-- ======= Sidebar ======= -->
<aside id="sidebar" class="sidebar">

    <ul class="sidebar-nav" id="sidebar-nav">

        <li class="nav-item">
            <a class="nav-link collapsed" href="SoftwareTable">
                <i class="bi bi-grid"></i>
                <span>Software</span>
            </a>
        </li><!-- End Tables Nav -->

        <li class="nav-item">
            <a class="nav-link collapsed" href="HardwareView">
                <i class="bi bi-grid"></i>
                <span>Hardware - Cardiff</span>
            </a>
        </li><!-- End Tables Nav -->

        <li class="nav-item">
            <a class="nav-link collapsed" href="UserInfo">
                <i class="bi bi-grid"></i>
                <span>User Information</span>
            </a>
        </li><!-- End User information Page Nav -->


        <li class="nav-heading">Pages</li>

        <li class="nav-item">
            <a class="nav-link collapsed" href="Profile">
                <i class="bi bi-person"></i>
                <span>Profile</span>
            </a>
        </li><!-- End Profile Page Nav -->

    </ul>
</aside><!-- End Sidebar-->

<a href="/SoftwarePaymentCreate">Create</a>
<input type="submit" value="Create"/>
</form>

<main id="main" class="main">

    <div class="pagetitle">
        <h1>Dashboard</h1>
        <nav>
            <ol class="breadcrumb">
                <li class="breadcrumb-item"><a href="Welcome">Home</a></li>
                <li id = "softwareTable" class="breadcrumb-item active">Software Table</li>
            </ol>
        </nav>
    </div><!-- End Page Title -->

    <section class="section dashboard">
        <div class="row">

            <!-- Recent Sales -->

            <div class="col-12">
                <div class="card recent-sales overflow-auto">

                    <div class="filter">
                        <a class="icon" href="#" data-bs-toggle="dropdown"><i class="bi bi-three-dots"></i></a>
                        <ul class="dropdown-menu dropdown-menu-end dropdown-menu-arrow">
                            <li class="dropdown-header text-start">
                                <h6>Filter</h6>
                            </li>

                            <li><a class="dropdown-item" href="#">Today</a></li>
                            <li><a class="dropdown-item" href="#">This Month</a></li>
                            <li><a class="dropdown-item" href="#">This Year</a></li>
                        </ul>
                    </div>
                    <div class="col-sm-4">
                        <a id = "softwareCreate" class="btn btn-primary" href="/SoftwareCreate">Create</a>
                        </div>

                    </div>




                    <div class="card-body">
                        <h5 class="card-title">Recent </h5><span></span>

                        <table class="table table-borderless datatable">

                            <thead>
                            <tr>
                                <!-- Name of columns -->
                                <th scope="col">ID</th>
                                <th scope="col">Name</th>
                                <th scope="col">Software</th>
                                <th scope="col">Available</th>
                                <th scope="col">Renewal</th>
                                <th scope="col">Action</th>
                            </tr>
                            </thead>
                            <tbody>

                            <!-- Retrieving data from MySQL software database -->
                            <tr>
                                <td>1</td>
                                <td>Billy Joel</td>
                                <td>Adobe Premier Pro</td>
                                <td>Yes</td>
                                <td>30-12-2023</td>

                                <td><!-- icons for user to add, edit and delete rows of information -->
                                    <a class="add"  data-toggle="tooltip" title="Add"><i class="material-icons">&#xE03B;</i></a>
                                    <a class="edit" data-toggle="tooltip" onclick="editRow(this)"><i class="material-icons">&#xE254;</i></a>
                                    <a class="delete" data-toggle="tooltip" onclick="deleteRow(&#39;1&#39;)"><i class="material-icons">&#xE872;</i></a>
                                </td>
                            </tr>
                            <tr>
                                <td>2</td>
                                <td>Sarah Place</td>
                                <td>Jira</td>
                                <td>No</td>
                                <td>01-04-2024</td>

                                <td><!-- icons for user to add, edit and delete rows of information -->
                                    <a class="add"  data-toggle="tooltip" title="Add"><i class="material-icons">&#xE03B;</i></a>
                                    <a class="edit" data-toggle="tooltip" onclick="editRow(this)"><i class="material-icons">&#xE254;</i></a>
                                    <a class="delete" data-toggle="tooltip" onclick="deleteRow(&#39;2&#39;)"><i class="material-icons">&#xE872;</i></a>
                                </td>
                            </tr>
                            <tr>
                                <td>3</td>
                                <td>Homer Simpson</td>
                                <td>Microsoft 365</td>
                                <td>Yes</td>
                                <td>01-01-2025</td>

                                <td><!-- icons for user to add, edit and delete rows of information -->
                                    <a class="add"  data-toggle="tooltip" title="Add"><i class="material-icons">&#xE03B;</i></a>
                                    <a class="edit" data-toggle="tooltip" onclick="editRow(this)"><i class="material-icons">&#xE254;</i></a>
                                    <a class="delete" data-toggle="tooltip" onclick="deleteRow(&#39;3&#39;)"><i class="material-icons">&#xE872;</i></a>
                                </td>
                            </tr>
                            <tr>
                                <td>4</td>
                                <td>Lisa Simpson</td>
                                <td>Notion</td>
                                <td>No</td>
                                <td>30-08-2023</td>

                                <td><!-- icons for user to add, edit and delete rows of information -->
                                    <a class="add"  data-toggle="tooltip" title="Add"><i class="material-icons">&#xE03B;</i></a>
                                    <a class="edit" data-toggle="tooltip" onclick="editRow(this)"><i class="material-icons">&#xE254;</i></a>
                                    <a class="delete" data-toggle="tooltip" onclick="deleteRow(&#39;4&#39;)"><i class="material-icons">&#xE872;</i></a>
                                </td>
                            </tr>
                            <tr>
                                <td>5</td>
                                <td>Rocky Balboa</td>
                                <td>Adobe Creative Cloud</td>
                                <td>Yes</td>
                                <td>26-02-2023</td>

                                <td><!-- icons for user to add, edit and delete rows of information -->
                                    <a class="add"  data-toggle="tooltip" title="Add"><i class="material-icons">&#xE03B;</i></a>
                                    <a class="edit" data-toggle="tooltip" onclick="editRow(this)"><i class="material-icons">&#xE254;</i></a>
                                    <a class="delete" data-toggle="tooltip" onclick="deleteRow(&#39;5&#39;)"><i class="material-icons">&#xE872;</i></a>
                                </td>
                            </tr>
                            </tbody>
                        </table>

                    </div>

                </div>
            </div><!-- End Recent Sales -->

        </div><!-- End Right side columns -->


        </div>
    </section>

</main><!-- End #main -->

<div>
    <body>

    <!-- Open form using JavaScript -->
    <button class="open-button" onclick="openForm()">Contact Owner</button>

    <div class="chat-popup" id="myForm">
        <!-- Secure encryption of my linked email address (/40ca71d...) -->
        <form action="https://formsubmit.co/a5a739c659b51d906ecf791e4cde3c53" class="form-container" method="POST">

            <!-- Remove 'captcha' after form submission. Can be easily reinstated if required -->
            <input name="_captcha" type="hidden" value="false">

            <!-- 4 user inputs (first name, last name, ticket number and message) -->
            <section>
                <label for="fname"> First Name</label><br>
                <input id="fname" name="First&nbsp;Name" type="text"><br>
                <label for="sname">Last Name</label><br>
                <input id="sname" name="Last&nbsp;Name" type="text">
                <label for="ticket">Ticket Number</label><br>
                <input id="ticket" name="Ticket&nbsp;Number" type="text">
            </section>

            <textarea name="Message" placeholder="Type message here..." required></textarea>

            <button class="btn" type="submit">Send</button>

            <!-- Close form using JavaScript -->
            <button class="btn cancel" onclick="closeForm()" type="button">Close</button>

        </form>
    </div>
    <link href="/css/ChatBoxStyling.css" rel="stylesheet">
    <script src="/js/ChatBox.js"></script>
</div>


<a href="#" class="back-to-top d-flex align-items-center justify-content-center"><i
        class="bi bi-arrow-up-short"></i></a>

<!-- Vendor JS Files -->
<script src="assets/vendor/apexcharts/apexcharts.min.js"></script>
<script src="assets/vendor/bootstrap/js/bootstrap.bundle.min.js"></script>
<script src="assets/vendor/chart.js/chart.min.js"></script>
<script src="assets/vendor/echarts/echarts.min.js"></script>
<script src="assets/vendor/quill/quill.min.js"></script>
<script src="assets/vendor/simple-datatables/simple-datatables.js"></script>
<script src="assets/vendor/tinymce/tinymce.min.js"></script>
<script src="https://ajax.googleapis.com/ajax/libs/jquery/3.6.1/jquery.min.js"></script>
<script src="assets/vendor/php-email-form/validate.js"></script>

<!-- Template Main JS File -->
<script src="assets/js/main.js"></script>

<!-- Javascript for Software Table - LP-->
<script src="/js/SoftwareTable.js"></script>



</body>

</html>
    Forwarded URL = null
   Redirected URL = null
          Cookies = []
]]></system-out>
  <system-err><![CDATA[]]></system-err>
</testsuite>
