<?xml version="1.0" encoding="UTF-8"?>
<testsuite name="com.example.g6clientproject.JUnitTestDTO" tests="2" skipped="0" failures="0" errors="0" timestamp="2024-04-29T14:43:51" hostname="DSA10F60A897277" time="0.003">
  <properties/>
  <testcase name="UserDTOTest()" classname="com.example.g6clientproject.JUnitTestDTO" time="0.002"/>
  <testcase name="SoftwareDTOTest()" classname="com.example.g6clientproject.JUnitTestDTO" time="0.001"/>
  <system-out><![CDATA[]]></system-out>
  <system-err><![CDATA[]]></system-err>
</testsuite>
